<?xml version="1.0" encoding="UTF-8"?>
<testng-results skipped="0" failed="0" ignored="0" total="2" passed="2">
  <reporter-output>
  </reporter-output>
  <suite name="Default suite" duration-ms="17243" started-at="2021-04-14T09:30:40Z" finished-at="2021-04-14T09:30:58Z">
    <groups>
    </groups>
    <test name="Default test" duration-ms="17243" started-at="2021-04-14T09:30:40Z" finished-at="2021-04-14T09:30:58Z">
      <class name="com.ijmeet.testCases.Tc_login_Test_001">
        <test-method status="PASS" signature="setup()[pri:0, instance:com.ijmeet.testCases.Tc_login_Test_001@5c3bd550]" name="setup" is-config="true" duration-ms="2927" started-at="2021-04-14T09:30:40Z" finished-at="2021-04-14T09:30:43Z">
          <reporter-output>
          </reporter-output>
        </test-method> <!-- setup -->
        <test-method status="PASS" signature="signin_test()[pri:1, instance:com.ijmeet.testCases.Tc_login_Test_001@5c3bd550]" name="signin_test" duration-ms="11242" started-at="2021-04-14T09:30:43Z" finished-at="2021-04-14T09:30:55Z">
          <reporter-output>
          </reporter-output>
        </test-method> <!-- signin_test -->
        <test-method status="PASS" signature="dashboard_page()[pri:2, instance:com.ijmeet.testCases.Tc_login_Test_001@5c3bd550]" name="dashboard_page" duration-ms="3036" started-at="2021-04-14T09:30:55Z" finished-at="2021-04-14T09:30:58Z">
          <reporter-output>
          </reporter-output>
        </test-method> <!-- dashboard_page -->
      </class> <!-- com.ijmeet.testCases.Tc_login_Test_001 -->
    </test> <!-- Default test -->
  </suite> <!-- Default suite -->
</testng-results>
